{"/Users/vmoraes/Documents/movies-api/mocks/movieMock.ts": {"path":"/Users/vmoraes/Documents/movies-api/mocks/movieMock.ts","statementMap":{"0":{"start":{"line":1,"column":13},"end":{"line":62,"column":2}},"1":{"start":{"line":64,"column":13},"end":{"line":64,"column":70}},"2":{"start":{"line":66,"column":13},"end":{"line":66,"column":71}},"3":{"start":{"line":68,"column":13},"end":{"line":68,"column":73}}},"fnMap":{},"branchMap":{},"s":{"0":1,"1":1,"2":1,"3":1},"f":{},"b":{}}
,"/Users/vmoraes/Documents/movies-api/src/controllers/index.ts": {"path":"/Users/vmoraes/Documents/movies-api/src/controllers/index.ts","statementMap":{"0":{"start":{"line":1,"column":0},"end":{"line":1,"column":52}},"1":{"start":{"line":2,"column":0},"end":{"line":2,"column":40}},"2":{"start":{"line":4,"column":15},"end":{"line":4,"column":31}},"3":{"start":{"line":6,"column":0},"end":{"line":14,"column":null}},"4":{"start":{"line":6,"column":69},"end":{"line":14,"column":2}},"5":{"start":{"line":7,"column":4},"end":{"line":13,"column":5}},"6":{"start":{"line":8,"column":23},"end":{"line":8,"column":54}},"7":{"start":{"line":9,"column":8},"end":{"line":9,"column":49}},"8":{"start":{"line":11,"column":8},"end":{"line":11,"column":41}},"9":{"start":{"line":12,"column":8},"end":{"line":12,"column":null}},"10":{"start":{"line":16,"column":0},"end":{"line":32,"column":null}},"11":{"start":{"line":16,"column":73},"end":{"line":32,"column":2}},"12":{"start":{"line":17,"column":4},"end":{"line":31,"column":5}},"13":{"start":{"line":18,"column":23},"end":{"line":18,"column":37}},"14":{"start":{"line":20,"column":8},"end":{"line":22,"column":9}},"15":{"start":{"line":21,"column":12},"end":{"line":21,"column":83}},"16":{"start":{"line":24,"column":22},"end":{"line":24,"column":58}},"17":{"start":{"line":25,"column":8},"end":{"line":25,"column":48}},"18":{"start":{"line":27,"column":8},"end":{"line":27,"column":41}},"19":{"start":{"line":28,"column":8},"end":{"line":30,"column":9}},"20":{"start":{"line":29,"column":12},"end":{"line":29,"column":75}},"21":{"start":{"line":34,"column":0},"end":{"line":48,"column":null}},"22":{"start":{"line":34,"column":75},"end":{"line":48,"column":2}},"23":{"start":{"line":35,"column":4},"end":{"line":47,"column":5}},"24":{"start":{"line":36,"column":25},"end":{"line":36,"column":38}},"25":{"start":{"line":38,"column":8},"end":{"line":40,"column":9}},"26":{"start":{"line":39,"column":12},"end":{"line":39,"column":86}},"27":{"start":{"line":42,"column":23},"end":{"line":42,"column":63}},"28":{"start":{"line":43,"column":8},"end":{"line":43,"column":49}},"29":{"start":{"line":45,"column":8},"end":{"line":45,"column":41}},"30":{"start":{"line":46,"column":8},"end":{"line":46,"column":89}},"31":{"start":{"line":50,"column":0},"end":{"line":50,"column":22}}},"fnMap":{"0":{"name":"(anonymous_8)","decl":{"start":{"line":6,"column":22},"end":{"line":6,"column":29}},"loc":{"start":{"line":6,"column":69},"end":{"line":14,"column":2}}},"1":{"name":"(anonymous_9)","decl":{"start":{"line":6,"column":69},"end":{"line":6,"column":null}},"loc":{"start":{"line":6,"column":69},"end":{"line":14,"column":1}}},"2":{"name":"(anonymous_10)","decl":{"start":{"line":16,"column":26},"end":{"line":16,"column":33}},"loc":{"start":{"line":16,"column":73},"end":{"line":32,"column":2}}},"3":{"name":"(anonymous_11)","decl":{"start":{"line":16,"column":73},"end":{"line":16,"column":null}},"loc":{"start":{"line":16,"column":73},"end":{"line":32,"column":1}}},"4":{"name":"(anonymous_12)","decl":{"start":{"line":34,"column":28},"end":{"line":34,"column":35}},"loc":{"start":{"line":34,"column":75},"end":{"line":48,"column":2}}},"5":{"name":"(anonymous_13)","decl":{"start":{"line":34,"column":75},"end":{"line":34,"column":null}},"loc":{"start":{"line":34,"column":75},"end":{"line":48,"column":1}}}},"branchMap":{"0":{"loc":{"start":{"line":20,"column":8},"end":{"line":22,"column":9}},"type":"if","locations":[{"start":{"line":20,"column":8},"end":{"line":22,"column":9}},{"start":{},"end":{}}]},"1":{"loc":{"start":{"line":28,"column":8},"end":{"line":30,"column":9}},"type":"if","locations":[{"start":{"line":28,"column":8},"end":{"line":30,"column":9}},{"start":{},"end":{}}]},"2":{"loc":{"start":{"line":28,"column":13},"end":{"line":28,"column":43}},"type":"cond-expr","locations":[{"start":{"line":28,"column":18},"end":{"line":28,"column":26}},{"start":{"line":28,"column":13},"end":{"line":28,"column":43}}]},"3":{"loc":{"start":{"line":28,"column":13},"end":{"line":28,"column":26}},"type":"binary-expr","locations":[{"start":{"line":28,"column":13},"end":{"line":28,"column":28}},{"start":{"line":28,"column":13},"end":{"line":28,"column":26}}]},"4":{"loc":{"start":{"line":38,"column":8},"end":{"line":40,"column":9}},"type":"if","locations":[{"start":{"line":38,"column":8},"end":{"line":40,"column":9}},{"start":{},"end":{}}]}},"s":{"0":1,"1":1,"2":1,"3":1,"4":1,"5":1,"6":1,"7":1,"8":0,"9":0,"10":1,"11":3,"12":3,"13":3,"14":3,"15":1,"16":2,"17":1,"18":1,"19":1,"20":1,"21":1,"22":2,"23":2,"24":2,"25":2,"26":1,"27":1,"28":1,"29":0,"30":0,"31":1},"f":{"0":1,"1":1,"2":3,"3":3,"4":2,"5":2},"b":{"0":[1,2],"1":[1,0],"2":[0,1],"3":[1,1],"4":[1,1]}}
,"/Users/vmoraes/Documents/movies-api/src/services/index.ts": {"path":"/Users/vmoraes/Documents/movies-api/src/services/index.ts","statementMap":{"0":{"start":{"line":1,"column":0},"end":{"line":1,"column":26}},"1":{"start":{"line":2,"column":0},"end":{"line":2,"column":28}},"2":{"start":{"line":3,"column":0},"end":{"line":3,"column":16}},"3":{"start":{"line":5,"column":23},"end":{"line":5,"column":48}},"4":{"start":{"line":6,"column":22},"end":{"line":6,"column":49}},"5":{"start":{"line":8,"column":0},"end":{"line":10,"column":1}},"6":{"start":{"line":9,"column":2},"end":{"line":9,"column":84}},"7":{"start":{"line":12,"column":21},"end":{"line":66,"column":2}},"8":{"start":{"line":14,"column":4},"end":{"line":28,"column":5}},"9":{"start":{"line":15,"column":23},"end":{"line":22,"column":null}},"10":{"start":{"line":25,"column":6},"end":{"line":25,"column":27}},"11":{"start":{"line":27,"column":6},"end":{"line":27,"column":18}},"12":{"start":{"line":32,"column":4},"end":{"line":46,"column":5}},"13":{"start":{"line":33,"column":23},"end":{"line":40,"column":null}},"14":{"start":{"line":43,"column":6},"end":{"line":43,"column":27}},"15":{"start":{"line":45,"column":6},"end":{"line":45,"column":18}},"16":{"start":{"line":50,"column":4},"end":{"line":64,"column":5}},"17":{"start":{"line":51,"column":26},"end":{"line":51,"column":50}},"18":{"start":{"line":52,"column":23},"end":{"line":58,"column":null}},"19":{"start":{"line":61,"column":6},"end":{"line":61,"column":27}},"20":{"start":{"line":63,"column":6},"end":{"line":63,"column":57}},"21":{"start":{"line":68,"column":0},"end":{"line":68,"column":28}}},"fnMap":{"0":{"name":"(anonymous_8)","decl":{"start":{"line":13,"column":8},"end":{"line":13,"column":17}},"loc":{"start":{"line":13,"column":17},"end":{"line":29,"column":null}}},"1":{"name":"(anonymous_10)","decl":{"start":{"line":31,"column":8},"end":{"line":31,"column":20}},"loc":{"start":{"line":31,"column":31},"end":{"line":47,"column":null}}},"2":{"name":"(anonymous_12)","decl":{"start":{"line":49,"column":8},"end":{"line":49,"column":22}},"loc":{"start":{"line":49,"column":35},"end":{"line":65,"column":null}}}},"branchMap":{"0":{"loc":{"start":{"line":8,"column":0},"end":{"line":10,"column":1}},"type":"if","locations":[{"start":{"line":8,"column":0},"end":{"line":10,"column":1}},{"start":{},"end":{}}]},"1":{"loc":{"start":{"line":8,"column":4},"end":{"line":8,"column":37}},"type":"binary-expr","locations":[{"start":{"line":8,"column":4},"end":{"line":8,"column":19}},{"start":{"line":8,"column":23},"end":{"line":8,"column":37}}]},"2":{"loc":{"start":{"line":63,"column":22},"end":{"line":63,"column":55}},"type":"binary-expr","locations":[{"start":{"line":63,"column":22},"end":{"line":63,"column":36}},{"start":{"line":63,"column":40},"end":{"line":63,"column":55}}]},"3":{"loc":{"start":{"line":63,"column":22},"end":{"line":63,"column":36}},"type":"cond-expr","locations":[{"start":{"line":63,"column":27},"end":{"line":63,"column":29}},{"start":{"line":63,"column":22},"end":{"line":63,"column":36}}]},"4":{"loc":{"start":{"line":63,"column":22},"end":{"line":63,"column":29}},"type":"binary-expr","locations":[{"start":{"line":63,"column":22},"end":{"line":63,"column":29}},{"start":{"line":63,"column":22},"end":{"line":63,"column":29}}]}},"s":{"0":1,"1":1,"2":1,"3":1,"4":1,"5":1,"6":0,"7":1,"8":1,"9":1,"10":1,"11":0,"12":2,"13":2,"14":1,"15":1,"16":1,"17":1,"18":1,"19":1,"20":0,"21":1},"f":{"0":1,"1":2,"2":1},"b":{"0":[0,1],"1":[1,1],"2":[0,0],"3":[0,0],"4":[0,0]}}
}
