TN:
SF:mocks/movieMock.ts
FNF:0
FNH:0
DA:1,1
DA:64,1
DA:66,1
DA:68,1
LF:4
LH:4
BRF:0
BRH:0
end_of_record
TN:
SF:src/controllers/index.ts
FN:6,(anonymous_8)
FN:6,(anonymous_9)
FN:16,(anonymous_10)
FN:16,(anonymous_11)
FN:34,(anonymous_12)
FN:34,(anonymous_13)
FNF:6
FNH:6
FNDA:1,(anonymous_8)
FNDA:1,(anonymous_9)
FNDA:3,(anonymous_10)
FNDA:3,(anonymous_11)
FNDA:2,(anonymous_12)
FNDA:2,(anonymous_13)
DA:1,1
DA:2,1
DA:4,1
DA:6,1
DA:7,1
DA:8,1
DA:9,1
DA:11,0
DA:12,0
DA:16,3
DA:17,3
DA:18,3
DA:20,3
DA:21,1
DA:24,2
DA:25,1
DA:27,1
DA:28,1
DA:29,1
DA:34,2
DA:35,2
DA:36,2
DA:38,2
DA:39,1
DA:42,1
DA:43,1
DA:45,0
DA:46,0
DA:50,1
LF:29
LH:25
BRDA:20,0,0,1
BRDA:20,0,1,2
BRDA:28,1,0,1
BRDA:28,1,1,0
BRDA:28,2,0,0
BRDA:28,2,1,1
BRDA:28,3,0,1
BRDA:28,3,1,1
BRDA:38,4,0,1
BRDA:38,4,1,1
BRF:10
BRH:8
end_of_record
TN:
SF:src/services/index.ts
FN:13,(anonymous_8)
FN:31,(anonymous_10)
FN:49,(anonymous_12)
FNF:3
FNH:3
FNDA:1,(anonymous_8)
FNDA:2,(anonymous_10)
FNDA:1,(anonymous_12)
DA:1,1
DA:2,1
DA:3,1
DA:5,1
DA:6,1
DA:8,1
DA:9,0
DA:12,1
DA:14,1
DA:15,1
DA:25,1
DA:27,0
DA:32,2
DA:33,2
DA:43,1
DA:45,1
DA:50,1
DA:51,1
DA:52,1
DA:61,1
DA:63,0
DA:68,1
LF:22
LH:19
BRDA:8,0,0,0
BRDA:8,0,1,1
BRDA:8,1,0,1
BRDA:8,1,1,1
BRDA:63,2,0,0
BRDA:63,2,1,0
BRDA:63,3,0,0
BRDA:63,3,1,0
BRDA:63,4,0,0
BRDA:63,4,1,0
BRF:10
BRH:3
end_of_record
